1755653047.781777 client started (493111): version 3.5a, socket /tmp/tmux-1000/default, protocol 8
1755653047.781794 on Linux 6.14.8-400.asahi.fc42.aarch64+16k #1 SMP PREEMPT_DYNAMIC Fri May 30 20:27:54 UTC 2025
1755653047.781801 using libevent 2.1.12-stable poll
1755653047.781804 using ncurses 6.5 20240629
1755653047.781813 flags are 0x10010000
1755653047.781818 socket is /tmp/tmux-1000/default
1755653047.781828 trying connect
1755653047.781854 add peer 0xaaabd75927d0: 6 ((nil))
1755653047.782038 sending message 111 to peer 0xaaabd75927d0 (8 bytes)
1755653047.782044 sending message 111 to peer 0xaaabd75927d0 (8 bytes)
1755653047.782046 sending message 101 to peer 0xaaabd75927d0 (14 bytes)
1755653047.782048 sending message 109 to peer 0xaaabd75927d0 (4 bytes)
1755653047.782051 sending message 102 to peer 0xaaabd75927d0 (11 bytes)
1755653047.782053 sending message 108 to peer 0xaaabd75927d0 (30 bytes)
1755653047.782055 sending message 112 to peer 0xaaabd75927d0 (70 bytes)
1755653047.782058 sending message 112 to peer 0xaaabd75927d0 (5 bytes)
1755653047.782060 sending message 112 to peer 0xaaabd75927d0 (5 bytes)
1755653047.782062 sending message 112 to peer 0xaaabd75927d0 (6 bytes)
1755653047.782064 sending message 112 to peer 0xaaabd75927d0 (6 bytes)
1755653047.782066 sending message 112 to peer 0xaaabd75927d0 (11 bytes)
1755653047.782068 sending message 112 to peer 0xaaabd75927d0 (10 bytes)
1755653047.782071 sending message 112 to peer 0xaaabd75927d0 (13 bytes)
1755653047.782073 sending message 112 to peer 0xaaabd75927d0 (13 bytes)
1755653047.782075 sending message 112 to peer 0xaaabd75927d0 (18 bytes)
1755653047.782078 sending message 112 to peer 0xaaabd75927d0 (11 bytes)
1755653047.782080 sending message 112 to peer 0xaaabd75927d0 (10 bytes)
1755653047.782082 sending message 112 to peer 0xaaabd75927d0 (15 bytes)
1755653047.782085 sending message 112 to peer 0xaaabd75927d0 (21 bytes)
1755653047.782087 sending message 112 to peer 0xaaabd75927d0 (13 bytes)
1755653047.782089 sending message 112 to peer 0xaaabd75927d0 (7 bytes)
1755653047.782091 sending message 112 to peer 0xaaabd75927d0 (13 bytes)
1755653047.782093 sending message 112 to peer 0xaaabd75927d0 (7 bytes)
1755653047.782095 sending message 112 to peer 0xaaabd75927d0 (13 bytes)
1755653047.782097 sending message 112 to peer 0xaaabd75927d0 (9 bytes)
1755653047.782099 sending message 112 to peer 0xaaabd75927d0 (21 bytes)
1755653047.782102 sending message 112 to peer 0xaaabd75927d0 (13 bytes)
1755653047.782104 sending message 112 to peer 0xaaabd75927d0 (8 bytes)
1755653047.782106 sending message 112 to peer 0xaaabd75927d0 (12 bytes)
1755653047.782108 sending message 112 to peer 0xaaabd75927d0 (13 bytes)
1755653047.782110 sending message 112 to peer 0xaaabd75927d0 (9 bytes)
1755653047.782112 sending message 112 to peer 0xaaabd75927d0 (9 bytes)
1755653047.782115 sending message 112 to peer 0xaaabd75927d0 (12 bytes)
1755653047.782117 sending message 112 to peer 0xaaabd75927d0 (8 bytes)
1755653047.782119 sending message 112 to peer 0xaaabd75927d0 (8 bytes)
1755653047.782121 sending message 112 to peer 0xaaabd75927d0 (7 bytes)
1755653047.782123 sending message 112 to peer 0xaaabd75927d0 (7 bytes)
1755653047.782125 sending message 112 to peer 0xaaabd75927d0 (9 bytes)
1755653047.782127 sending message 112 to peer 0xaaabd75927d0 (13 bytes)
1755653047.782129 sending message 112 to peer 0xaaabd75927d0 (6 bytes)
1755653047.782131 sending message 112 to peer 0xaaabd75927d0 (9 bytes)
1755653047.782133 sending message 112 to peer 0xaaabd75927d0 (15 bytes)
1755653047.782136 sending message 112 to peer 0xaaabd75927d0 (13 bytes)
1755653047.782138 sending message 112 to peer 0xaaabd75927d0 (12 bytes)
1755653047.782140 sending message 112 to peer 0xaaabd75927d0 (8 bytes)
1755653047.782142 sending message 112 to peer 0xaaabd75927d0 (14 bytes)
1755653047.782144 sending message 112 to peer 0xaaabd75927d0 (11 bytes)
1755653047.782146 sending message 112 to peer 0xaaabd75927d0 (9 bytes)
1755653047.782148 sending message 112 to peer 0xaaabd75927d0 (10 bytes)
1755653047.782150 sending message 112 to peer 0xaaabd75927d0 (10 bytes)
1755653047.782156 sending message 112 to peer 0xaaabd75927d0 (10 bytes)
1755653047.782159 sending message 112 to peer 0xaaabd75927d0 (10 bytes)
1755653047.782161 sending message 112 to peer 0xaaabd75927d0 (11 bytes)
1755653047.782163 sending message 112 to peer 0xaaabd75927d0 (12 bytes)
1755653047.782165 sending message 112 to peer 0xaaabd75927d0 (12 bytes)
1755653047.782168 sending message 112 to peer 0xaaabd75927d0 (12 bytes)
1755653047.782170 sending message 112 to peer 0xaaabd75927d0 (12 bytes)
1755653047.782172 sending message 112 to peer 0xaaabd75927d0 (12 bytes)
1755653047.782174 sending message 112 to peer 0xaaabd75927d0 (11 bytes)
1755653047.782176 sending message 112 to peer 0xaaabd75927d0 (11 bytes)
1755653047.782178 sending message 112 to peer 0xaaabd75927d0 (12 bytes)
1755653047.782180 sending message 112 to peer 0xaaabd75927d0 (12 bytes)
1755653047.782183 sending message 112 to peer 0xaaabd75927d0 (12 bytes)
1755653047.782185 sending message 112 to peer 0xaaabd75927d0 (12 bytes)
1755653047.782187 sending message 112 to peer 0xaaabd75927d0 (12 bytes)
1755653047.782189 sending message 112 to peer 0xaaabd75927d0 (10 bytes)
1755653047.782191 sending message 112 to peer 0xaaabd75927d0 (12 bytes)
1755653047.782193 sending message 112 to peer 0xaaabd75927d0 (13 bytes)
1755653047.782195 sending message 112 to peer 0xaaabd75927d0 (13 bytes)
1755653047.782198 sending message 112 to peer 0xaaabd75927d0 (13 bytes)
1755653047.782200 sending message 112 to peer 0xaaabd75927d0 (13 bytes)
1755653047.782202 sending message 112 to peer 0xaaabd75927d0 (13 bytes)
1755653047.782204 sending message 112 to peer 0xaaabd75927d0 (8 bytes)
1755653047.782206 sending message 112 to peer 0xaaabd75927d0 (11 bytes)
1755653047.782208 sending message 112 to peer 0xaaabd75927d0 (11 bytes)
1755653047.782210 sending message 112 to peer 0xaaabd75927d0 (11 bytes)
1755653047.782212 sending message 112 to peer 0xaaabd75927d0 (12 bytes)
1755653047.782214 sending message 112 to peer 0xaaabd75927d0 (12 bytes)
1755653047.782217 sending message 112 to peer 0xaaabd75927d0 (12 bytes)
1755653047.782219 sending message 112 to peer 0xaaabd75927d0 (12 bytes)
1755653047.782221 sending message 112 to peer 0xaaabd75927d0 (13 bytes)
1755653047.782223 sending message 112 to peer 0xaaabd75927d0 (13 bytes)
1755653047.782225 sending message 112 to peer 0xaaabd75927d0 (13 bytes)
1755653047.782227 sending message 112 to peer 0xaaabd75927d0 (8 bytes)
1755653047.782229 sending message 112 to peer 0xaaabd75927d0 (13 bytes)
1755653047.782231 sending message 112 to peer 0xaaabd75927d0 (13 bytes)
1755653047.782233 sending message 112 to peer 0xaaabd75927d0 (13 bytes)
1755653047.782235 sending message 112 to peer 0xaaabd75927d0 (13 bytes)
1755653047.782237 sending message 112 to peer 0xaaabd75927d0 (13 bytes)
1755653047.782240 sending message 112 to peer 0xaaabd75927d0 (12 bytes)
1755653047.782242 sending message 112 to peer 0xaaabd75927d0 (12 bytes)
1755653047.782244 sending message 112 to peer 0xaaabd75927d0 (12 bytes)
1755653047.782246 sending message 112 to peer 0xaaabd75927d0 (12 bytes)
1755653047.782248 sending message 112 to peer 0xaaabd75927d0 (13 bytes)
1755653047.782250 sending message 112 to peer 0xaaabd75927d0 (8 bytes)
1755653047.782252 sending message 112 to peer 0xaaabd75927d0 (13 bytes)
1755653047.782254 sending message 112 to peer 0xaaabd75927d0 (13 bytes)
1755653047.782256 sending message 112 to peer 0xaaabd75927d0 (13 bytes)
1755653047.782258 sending message 112 to peer 0xaaabd75927d0 (13 bytes)
1755653047.782260 sending message 112 to peer 0xaaabd75927d0 (13 bytes)
1755653047.782262 sending message 112 to peer 0xaaabd75927d0 (13 bytes)
1755653047.782264 sending message 112 to peer 0xaaabd75927d0 (13 bytes)
1755653047.782267 sending message 112 to peer 0xaaabd75927d0 (12 bytes)
1755653047.782269 sending message 112 to peer 0xaaabd75927d0 (12 bytes)
1755653047.782271 sending message 112 to peer 0xaaabd75927d0 (12 bytes)
1755653047.782273 sending message 112 to peer 0xaaabd75927d0 (8 bytes)
1755653047.782275 sending message 112 to peer 0xaaabd75927d0 (12 bytes)
1755653047.782279 sending message 112 to peer 0xaaabd75927d0 (13 bytes)
1755653047.782281 sending message 112 to peer 0xaaabd75927d0 (13 bytes)
1755653047.782283 sending message 112 to peer 0xaaabd75927d0 (13 bytes)
1755653047.782285 sending message 112 to peer 0xaaabd75927d0 (13 bytes)
1755653047.782288 sending message 112 to peer 0xaaabd75927d0 (13 bytes)
1755653047.782290 sending message 112 to peer 0xaaabd75927d0 (13 bytes)
1755653047.782292 sending message 112 to peer 0xaaabd75927d0 (13 bytes)
1755653047.782294 sending message 112 to peer 0xaaabd75927d0 (13 bytes)
1755653047.782296 sending message 112 to peer 0xaaabd75927d0 (12 bytes)
1755653047.782298 sending message 112 to peer 0xaaabd75927d0 (10 bytes)
1755653047.782300 sending message 112 to peer 0xaaabd75927d0 (12 bytes)
1755653047.782302 sending message 112 to peer 0xaaabd75927d0 (12 bytes)
1755653047.782304 sending message 112 to peer 0xaaabd75927d0 (12 bytes)
1755653047.782306 sending message 112 to peer 0xaaabd75927d0 (13 bytes)
1755653047.782308 sending message 112 to peer 0xaaabd75927d0 (13 bytes)
1755653047.782311 sending message 112 to peer 0xaaabd75927d0 (13 bytes)
1755653047.782313 sending message 112 to peer 0xaaabd75927d0 (13 bytes)
1755653047.782315 sending message 112 to peer 0xaaabd75927d0 (13 bytes)
1755653047.782317 sending message 112 to peer 0xaaabd75927d0 (13 bytes)
1755653047.782319 sending message 112 to peer 0xaaabd75927d0 (13 bytes)
1755653047.782321 sending message 112 to peer 0xaaabd75927d0 (10 bytes)
1755653047.782323 sending message 112 to peer 0xaaabd75927d0 (13 bytes)
1755653047.782325 sending message 112 to peer 0xaaabd75927d0 (12 bytes)
1755653047.782327 sending message 112 to peer 0xaaabd75927d0 (12 bytes)
1755653047.782329 sending message 112 to peer 0xaaabd75927d0 (12 bytes)
1755653047.782331 sending message 112 to peer 0xaaabd75927d0 (10 bytes)
1755653047.782333 sending message 112 to peer 0xaaabd75927d0 (10 bytes)
1755653047.782336 sending message 112 to peer 0xaaabd75927d0 (10 bytes)
1755653047.782338 sending message 112 to peer 0xaaabd75927d0 (12 bytes)
1755653047.782340 sending message 112 to peer 0xaaabd75927d0 (13 bytes)
1755653047.782342 sending message 112 to peer 0xaaabd75927d0 (13 bytes)
1755653047.782344 sending message 112 to peer 0xaaabd75927d0 (13 bytes)
1755653047.782346 sending message 112 to peer 0xaaabd75927d0 (13 bytes)
1755653047.782348 sending message 112 to peer 0xaaabd75927d0 (13 bytes)
1755653047.782350 sending message 112 to peer 0xaaabd75927d0 (11 bytes)
1755653047.782352 sending message 112 to peer 0xaaabd75927d0 (11 bytes)
1755653047.782354 sending message 112 to peer 0xaaabd75927d0 (12 bytes)
1755653047.782356 sending message 112 to peer 0xaaabd75927d0 (12 bytes)
1755653047.782358 sending message 112 to peer 0xaaabd75927d0 (12 bytes)
1755653047.782360 sending message 112 to peer 0xaaabd75927d0 (12 bytes)
1755653047.782363 sending message 112 to peer 0xaaabd75927d0 (12 bytes)
1755653047.782365 sending message 112 to peer 0xaaabd75927d0 (11 bytes)
1755653047.782367 sending message 112 to peer 0xaaabd75927d0 (12 bytes)
1755653047.782369 sending message 112 to peer 0xaaabd75927d0 (12 bytes)
1755653047.782371 sending message 112 to peer 0xaaabd75927d0 (13 bytes)
1755653047.782373 sending message 112 to peer 0xaaabd75927d0 (13 bytes)
1755653047.782375 sending message 112 to peer 0xaaabd75927d0 (13 bytes)
1755653047.782377 sending message 112 to peer 0xaaabd75927d0 (13 bytes)
1755653047.782380 sending message 112 to peer 0xaaabd75927d0 (13 bytes)
1755653047.782382 sending message 112 to peer 0xaaabd75927d0 (10 bytes)
1755653047.782384 sending message 112 to peer 0xaaabd75927d0 (9 bytes)
1755653047.782386 sending message 112 to peer 0xaaabd75927d0 (12 bytes)
1755653047.782388 sending message 112 to peer 0xaaabd75927d0 (13 bytes)
1755653047.782390 sending message 112 to peer 0xaaabd75927d0 (13 bytes)
1755653047.782392 sending message 112 to peer 0xaaabd75927d0 (13 bytes)
1755653047.782394 sending message 112 to peer 0xaaabd75927d0 (13 bytes)
1755653047.782397 sending message 112 to peer 0xaaabd75927d0 (13 bytes)
1755653047.782400 sending message 112 to peer 0xaaabd75927d0 (9 bytes)
1755653047.782402 sending message 112 to peer 0xaaabd75927d0 (12 bytes)
1755653047.782404 sending message 112 to peer 0xaaabd75927d0 (13 bytes)
1755653047.782406 sending message 112 to peer 0xaaabd75927d0 (13 bytes)
1755653047.782408 sending message 112 to peer 0xaaabd75927d0 (13 bytes)
1755653047.782410 sending message 112 to peer 0xaaabd75927d0 (13 bytes)
1755653047.782412 sending message 112 to peer 0xaaabd75927d0 (13 bytes)
1755653047.782415 sending message 112 to peer 0xaaabd75927d0 (11 bytes)
1755653047.782417 sending message 112 to peer 0xaaabd75927d0 (12 bytes)
1755653047.782419 sending message 112 to peer 0xaaabd75927d0 (13 bytes)
1755653047.782421 sending message 112 to peer 0xaaabd75927d0 (13 bytes)
1755653047.782423 sending message 112 to peer 0xaaabd75927d0 (13 bytes)
1755653047.782425 sending message 112 to peer 0xaaabd75927d0 (13 bytes)
1755653047.782427 sending message 112 to peer 0xaaabd75927d0 (13 bytes)
1755653047.782429 sending message 112 to peer 0xaaabd75927d0 (11 bytes)
1755653047.782431 sending message 112 to peer 0xaaabd75927d0 (12 bytes)
1755653047.782433 sending message 112 to peer 0xaaabd75927d0 (12 bytes)
1755653047.782435 sending message 112 to peer 0xaaabd75927d0 (12 bytes)
1755653047.782438 sending message 112 to peer 0xaaabd75927d0 (12 bytes)
1755653047.782440 sending message 112 to peer 0xaaabd75927d0 (12 bytes)
1755653047.782442 sending message 112 to peer 0xaaabd75927d0 (21 bytes)
1755653047.782444 sending message 112 to peer 0xaaabd75927d0 (12 bytes)
1755653047.782446 sending message 112 to peer 0xaaabd75927d0 (9 bytes)
1755653047.782448 sending message 112 to peer 0xaaabd75927d0 (6 bytes)
1755653047.782451 sending message 112 to peer 0xaaabd75927d0 (13 bytes)
1755653047.782453 sending message 112 to peer 0xaaabd75927d0 (8 bytes)
1755653047.782455 sending message 112 to peer 0xaaabd75927d0 (15 bytes)
1755653047.782458 sending message 112 to peer 0xaaabd75927d0 (13 bytes)
1755653047.782460 sending message 112 to peer 0xaaabd75927d0 (9 bytes)
1755653047.782462 sending message 112 to peer 0xaaabd75927d0 (70 bytes)
1755653047.782464 sending message 112 to peer 0xaaabd75927d0 (69 bytes)
1755653047.782466 sending message 112 to peer 0xaaabd75927d0 (10 bytes)
1755653047.782469 sending message 112 to peer 0xaaabd75927d0 (10 bytes)
1755653047.782471 sending message 112 to peer 0xaaabd75927d0 (8 bytes)
1755653047.782473 sending message 112 to peer 0xaaabd75927d0 (15 bytes)
1755653047.782475 sending message 112 to peer 0xaaabd75927d0 (13 bytes)
1755653047.782477 sending message 112 to peer 0xaaabd75927d0 (10 bytes)
1755653047.782479 sending message 112 to peer 0xaaabd75927d0 (10 bytes)
1755653047.782481 sending message 112 to peer 0xaaabd75927d0 (17 bytes)
1755653047.782484 sending message 112 to peer 0xaaabd75927d0 (10 bytes)
1755653047.782486 sending message 112 to peer 0xaaabd75927d0 (13 bytes)
1755653047.782488 sending message 112 to peer 0xaaabd75927d0 (9 bytes)
1755653047.782490 sending message 112 to peer 0xaaabd75927d0 (5 bytes)
1755653047.782493 sending message 112 to peer 0xaaabd75927d0 (15 bytes)
1755653047.782496 sending message 104 to peer 0xaaabd75927d0 (0 bytes)
1755653047.782498 sending message 110 to peer 0xaaabd75927d0 (0 bytes)
1755653047.782501 sending message 107 to peer 0xaaabd75927d0 (4 bytes)
1755653047.782503 sending message 105 to peer 0xaaabd75927d0 (16 bytes)
1755653047.782505 sending message 105 to peer 0xaaabd75927d0 (20 bytes)
1755653047.782507 sending message 105 to peer 0xaaabd75927d0 (43 bytes)
1755653047.782509 sending message 105 to peer 0xaaabd75927d0 (22 bytes)
1755653047.782512 sending message 105 to peer 0xaaabd75927d0 (23 bytes)
1755653047.782514 sending message 105 to peer 0xaaabd75927d0 (26 bytes)
1755653047.782516 sending message 105 to peer 0xaaabd75927d0 (20 bytes)
1755653047.782518 sending message 105 to peer 0xaaabd75927d0 (37 bytes)
1755653047.782520 sending message 105 to peer 0xaaabd75927d0 (14 bytes)
1755653047.782523 sending message 105 to peer 0xaaabd75927d0 (16 bytes)
1755653047.782529 sending message 105 to peer 0xaaabd75927d0 (25 bytes)
1755653047.782532 sending message 105 to peer 0xaaabd75927d0 (17 bytes)
1755653047.782535 sending message 105 to peer 0xaaabd75927d0 (64 bytes)
1755653047.782537 sending message 105 to peer 0xaaabd75927d0 (16 bytes)
1755653047.782539 sending message 105 to peer 0xaaabd75927d0 (19 bytes)
1755653047.782541 sending message 105 to peer 0xaaabd75927d0 (21 bytes)
1755653047.782543 sending message 105 to peer 0xaaabd75927d0 (15 bytes)
1755653047.782546 sending message 105 to peer 0xaaabd75927d0 (34 bytes)
1755653047.782548 sending message 105 to peer 0xaaabd75927d0 (29 bytes)
1755653047.782550 sending message 105 to peer 0xaaabd75927d0 (17 bytes)
1755653047.782552 sending message 105 to peer 0xaaabd75927d0 (25 bytes)
1755653047.782555 sending message 105 to peer 0xaaabd75927d0 (60 bytes)
1755653047.782557 sending message 105 to peer 0xaaabd75927d0 (18 bytes)
1755653047.782560 sending message 105 to peer 0xaaabd75927d0 (14 bytes)
1755653047.782562 sending message 105 to peer 0xaaabd75927d0 (21 bytes)
1755653047.782564 sending message 105 to peer 0xaaabd75927d0 (20 bytes)
1755653047.782566 sending message 105 to peer 0xaaabd75927d0 (18 bytes)
1755653047.782568 sending message 105 to peer 0xaaabd75927d0 (17 bytes)
1755653047.782571 sending message 105 to peer 0xaaabd75927d0 (52 bytes)
1755653047.782573 sending message 105 to peer 0xaaabd75927d0 (30 bytes)
1755653047.782575 sending message 105 to peer 0xaaabd75927d0 (1761 bytes)
1755653047.782585 sending message 105 to peer 0xaaabd75927d0 (29 bytes)
1755653047.782587 sending message 105 to peer 0xaaabd75927d0 (26 bytes)
1755653047.782589 sending message 105 to peer 0xaaabd75927d0 (18 bytes)
1755653047.782592 sending message 105 to peer 0xaaabd75927d0 (124 bytes)
1755653047.782594 sending message 105 to peer 0xaaabd75927d0 (38 bytes)
1755653047.782596 sending message 105 to peer 0xaaabd75927d0 (23 bytes)
1755653047.782598 sending message 105 to peer 0xaaabd75927d0 (35 bytes)
1755653047.782600 sending message 105 to peer 0xaaabd75927d0 (19 bytes)
1755653047.782602 sending message 105 to peer 0xaaabd75927d0 (30 bytes)
1755653047.782604 sending message 105 to peer 0xaaabd75927d0 (35 bytes)
1755653047.782607 sending message 105 to peer 0xaaabd75927d0 (14 bytes)
1755653047.782609 sending message 105 to peer 0xaaabd75927d0 (13 bytes)
1755653047.782611 sending message 105 to peer 0xaaabd75927d0 (91 bytes)
1755653047.782613 sending message 105 to peer 0xaaabd75927d0 (11 bytes)
1755653047.782616 sending message 105 to peer 0xaaabd75927d0 (8 bytes)
1755653047.782618 sending message 105 to peer 0xaaabd75927d0 (21 bytes)
1755653047.782620 sending message 105 to peer 0xaaabd75927d0 (11 bytes)
1755653047.782622 sending message 105 to peer 0xaaabd75927d0 (18 bytes)
1755653047.782624 sending message 105 to peer 0xaaabd75927d0 (31 bytes)
1755653047.782626 sending message 105 to peer 0xaaabd75927d0 (15 bytes)
1755653047.782628 sending message 105 to peer 0xaaabd75927d0 (55 bytes)
1755653047.782631 sending message 105 to peer 0xaaabd75927d0 (40 bytes)
1755653047.782633 sending message 105 to peer 0xaaabd75927d0 (125 bytes)
1755653047.782636 sending message 105 to peer 0xaaabd75927d0 (273 bytes)
1755653047.782638 sending message 105 to peer 0xaaabd75927d0 (17 bytes)
1755653047.782640 sending message 105 to peer 0xaaabd75927d0 (20 bytes)
1755653047.782642 sending message 105 to peer 0xaaabd75927d0 (54 bytes)
1755653047.782644 sending message 105 to peer 0xaaabd75927d0 (30 bytes)
1755653047.782652 sending message 105 to peer 0xaaabd75927d0 (40 bytes)
1755653047.782654 sending message 105 to peer 0xaaabd75927d0 (34 bytes)
1755653047.782657 sending message 105 to peer 0xaaabd75927d0 (32 bytes)
1755653047.782659 sending message 105 to peer 0xaaabd75927d0 (19 bytes)
1755653047.782661 sending message 105 to peer 0xaaabd75927d0 (18 bytes)
1755653047.782663 sending message 105 to peer 0xaaabd75927d0 (16 bytes)
1755653047.782665 sending message 106 to peer 0xaaabd75927d0 (0 bytes)
1755653047.782701 sending message 200 to peer 0xaaabd75927d0 (4 bytes)
1755653047.782706 client loop enter
1755653047.783671 peer 0xaaabd75927d0 message 303
1755653047.783676 open write file 2 -
1755653047.783682 sending message 305 to peer 0xaaabd75927d0 (8 bytes)
1755653047.783692 write check file 2
1755653047.783836 peer 0xaaabd75927d0 message 304
1755653047.783839 write 58 to file 2
1755653047.783842 peer 0xaaabd75927d0 message 203
1755653047.783844 file 2 58 bytes left
1755653047.783854 write check file 2
1755653047.783856 client loop exit
